[LOG] System::create                           : Header version = 2.01.07. Current version = 2.01.07.
[LOG] Manager::init                            : maxchannels = 256 studioflags = 00000006 flags 00000000 extradriverdata 0000000000000000.
[LOG] SystemI::init                            : Initialize version=20107 (113487), maxchannels=256, flags=0x00020000
[LOG] SystemI::setOutputInternal               : Setting output to 'FMOD WASAPI Output'
[LOG] OutputWASAPI::init                       : Mix Format (WAVEFORMATEX): wFormatTag=0xFFFE, nChannels=2, nSamplesPerSec=48000, nAvgBytesPerSec=384000, nBlockAlign=8, wBitsPerSample=32, cbSize=22.
[LOG] OutputWASAPI::init                       : Mix Format (WAVEFORMATEXTENSIBLE): wValidBitsPerSample=32, dwChannelMask=0x00000003, SubFormat=00000003-0000-0010-8000-00AA00389B71.
[LOG] OutputWASAPI::init                       : Output buffer size: 4096 samples, latency: 0.00ms, period: 10.00ms, DSP buffer: 1024 * 4
[LOG] Thread::initThread                       : Init FMOD stream thread. Affinity: 0x8000000000000003, Priority: 0xFFFF7FFB, Stack Size: 98304, Semaphore: No, Sleep Time: 10, Looping: Yes.
[LOG] Thread::initThread                       : Init FMOD mixer thread. Affinity: 0x8000000000000001, Priority: 0xFFFF7FFA, Stack Size: 81920, Semaphore: No, Sleep Time: 0, Looping: Yes.
[LOG] AsyncManager::init                       : manager 000001DDAFE37F48 isAsync 0 updatePeriod 0.02
[LOG] AsyncManager::init                       : done
[LOG] PlaybackSystem::init                     : 
[LOG] Thread::initThread                       : Init FMOD Studio sample load thread. Affinity: 0x8000000000000003, Priority: 0xFFFF7FFD, Stack Size: 98304, Semaphore: No, Sleep Time: 1, Looping: No.
[LOG] PlaybackSystem::init                     : done
[LOG] Thread::initThread                       : Init FMOD Studio bank load thread. Affinity: 0x8000000000000003, Priority: 0xFFFF7FFD, Stack Size: 98304, Semaphore: No, Sleep Time: 1, Looping: No.
[LOG] Manager::init                            : done.
[LOG] Manager::readBank                        : fileversion = 135, compatVersion = 132 (oldest = 44, newest = 135)
[LOG] PlaybackSystem::acquireMasterBus         : Setting master channel group format to 6
[LOG] SystemI::createSound                     : filename = FMOD Assets/Build/Desktop/Master.bank : mode 02010082
[LOG] SystemI::createSound                     : FMOD_NONBLOCKING specified.  Putting into queue to be opened asynchronously!
[LOG] Thread::initThread                       : Init FMOD nonblocking thread (0). Affinity: 0x8000000000000003, Priority: 0xFFFF7FFC, Stack Size: 114688, Semaphore: Yes, Sleep Time: 0, Looping: Yes.
[LOG] SystemI::createSound                     : setdata soundi = 000001DDA7714AA8 : node = 000001DDB1163D10
[LOG] SystemI::createSound                     : add node to async list : head = 000001DE5FCE59C8.  list count = 0
[LOG] AsyncThread::threadFunc                  : Starting Asynchronous operation on sound 000001DDA7714AA8
[LOG] SystemI::createSoundInternal             :     Create name='FMOD Assets/Build/Desktop/Master.bank', mode=0x02010082
[LOG] SystemI::createSoundInternal             :     exinfo->cbsize             = 224
[LOG] SystemI::createSoundInternal             :     exinfo->length             = 9608800
[LOG] SystemI::createSoundInternal             :     exinfo->fileoffset         = 39872
[LOG] SystemI::createSoundInternal             :     exinfo->numsubsounds       = 1
[LOG] SystemI::createSoundInternal             :     exinfo->inclusionlist      = 000001DDB1163E20
[LOG] SystemI::createSoundInternal             :     exinfo->inclusionlistnum   = 1
[LOG] SystemI::createSoundInternal             :     exinfo->suggestedsoundtype = 5
[LOG] SystemI::createSoundInternal             :     exinfo->initialseekpostype = 1
[LOG] SystemI::createSoundInternal             :     Stream 0/1: name='INTRO', format=5, channels=2, frequency=48000, lengthbytes=3255328, lengthpcm=12288000, pcmblocksize=0, loopstart=0, loopend=0, mode=0x00000000, channelmask=0x00000000, channelorder=0, peakvolume=0.891266.
[LOG] Thread::initThread                       :     Init FMOD file thread. Affinity: 0x8000000000000003, Priority: 0xFFFF7FFC, Stack Size: 49152, Semaphore: No, Sleep Time: 10, Looping: Yes.
[LOG] AsyncThread::threadFunc                  : Finished Asynchronous operation on sound 000001DDA7714AA8
[LOG] AsyncThread::threadFunc                  : Starting Asynchronous operation on sound 000001DDAF88D3E8
[LOG] AsyncThread::threadFunc                  : Finished Asynchronous operation on sound 000001DDAF88D3E8
[LOG] SystemI::createSound                     : filename = FMOD Assets/Build/Desktop/Master.bank : mode 02010082
[LOG] SystemI::createSound                     : FMOD_NONBLOCKING specified.  Putting into queue to be opened asynchronously!
[LOG] SystemI::createSound                     : setdata soundi = 000001DDA7714E08 : node = 000001DDB1164C10
[LOG] SystemI::createSound                     : add node to async list : head = 000001DE5FCE59C8.  list count = 0
[LOG] SystemI::createSound                     : filename = FMOD Assets/Build/Desktop/Master.bank : mode 02010082
[LOG] AsyncThread::threadFunc                  : Starting Asynchronous operation on sound 000001DDA7714E08
[LOG] SystemI::createSound                     : FMOD_NONBLOCKING specified.  Putting into queue to be opened asynchronously!
[LOG] SystemI::createSoundInternal             :     Create name='FMOD Assets/Build/Desktop/Master.bank', mode=0x02010082
[LOG] SystemI::createSoundInternal             :     exinfo->cbsize             = 224
[LOG] SystemI::createSound                     :     setdata soundi = 000001DDAB82A238 : node = 000001DDB1166150
[LOG] SystemI::createSoundInternal             :     exinfo->length             = 9608800
[LOG] SystemI::createSound                     :     add node to async list : head = 000001DE5FCE59C8.  list count = 0
[LOG] SystemI::createSoundInternal             :     exinfo->fileoffset         = 39872
[LOG] SystemI::createSound                     :     filename = FMOD Assets/Build/Desktop/Master.bank : mode 02010082
[LOG] SystemI::createSoundInternal             :     exinfo->numsubsounds       = 1
[LOG] SystemI::createSound                     :     FMOD_NONBLOCKING specified.  Putting into queue to be opened asynchronously!
[LOG] SystemI::createSoundInternal             :     exinfo->inclusionlist      = 000001DDB1164D20
[LOG] SystemI::createSound                     :     setdata soundi = 000001DDAB82A8F8 : node = 000001DDB11654D0
[LOG] SystemI::createSoundInternal             :     exinfo->inclusionlistnum   = 1
[LOG] SystemI::createSound                     :     add node to async list : head = 000001DE5FCE59C8.  list count = 1
[LOG] SystemI::createSoundInternal             :     exinfo->suggestedsoundtype = 5
[LOG] SystemI::createSound                     :     filename = FMOD Assets/Build/Desktop/Master.bank : mode 02010082
[LOG] SystemI::createSoundInternal             :     exinfo->initialseekpostype = 1
[LOG] SystemI::createSound                     :     FMOD_NONBLOCKING specified.  Putting into queue to be opened asynchronously!
[LOG] SystemI::createSound                     :     setdata soundi = 000001DDAB82A598 : node = 000001DDB1164E90
[LOG] SystemI::createSound                     :     add node to async list : head = 000001DE5FCE59C8.  list count = 2
[LOG] SystemI::createSoundInternal             :     Stream 0/1: name='LOOP', format=5, channels=2, frequency=48000, lengthbytes=848960, lengthpcm=3072000, pcmblocksize=0, loopstart=0, loopend=0, mode=0x00000000, channelmask=0x00000000, channelorder=0, peakvolume=0.891266.
[LOG] AsyncThread::threadFunc                  : Finished Asynchronous operation on sound 000001DDA7714E08
[LOG] AsyncThread::threadFunc                  : Starting Asynchronous operation on sound 000001DDAB82A238
[LOG] SystemI::createSoundInternal             :     Create name='FMOD Assets/Build/Desktop/Master.bank', mode=0x02010082
[LOG] SystemI::createSoundInternal             :     exinfo->cbsize             = 224
[LOG] SystemI::createSoundInternal             :     exinfo->length             = 9608800
[LOG] SystemI::createSoundInternal             :     exinfo->fileoffset         = 39872
[LOG] SystemI::createSoundInternal             :     exinfo->numsubsounds       = 1
[LOG] SystemI::createSoundInternal             :     exinfo->inclusionlist      = 000001DDB1166260
[LOG] SystemI::createSoundInternal             :     exinfo->inclusionlistnum   = 1
[LOG] SystemI::createSoundInternal             :     exinfo->suggestedsoundtype = 5
[LOG] SystemI::createSoundInternal             :     exinfo->initialseekpostype = 1
[LOG] SystemI::createSoundInternal             :     Stream 0/1: name='LOOP DARK 60 A 100%', format=5, channels=2, frequency=48000, lengthbytes=1480416, lengthpcm=6144000, pcmblocksize=0, loopstart=0, loopend=0, mode=0x00000000, channelmask=0x00000000, channelorder=0, peakvolume=0.133636.
[LOG] AsyncThread::threadFunc                  : Finished Asynchronous operation on sound 000001DDAB82A238
[LOG] AsyncThread::threadFunc                  : Starting Asynchronous operation on sound 000001DDAB82A8F8
[LOG] SystemI::createSoundInternal             :     Create name='FMOD Assets/Build/Desktop/Master.bank', mode=0x02010082
[LOG] SystemI::createSoundInternal             :     exinfo->cbsize             = 224
[LOG] SystemI::createSoundInternal             :     exinfo->length             = 9608800
[LOG] SystemI::createSoundInternal             :     exinfo->fileoffset         = 39872
[LOG] SystemI::createSoundInternal             :     exinfo->numsubsounds       = 1
[LOG] SystemI::createSoundInternal             :     exinfo->inclusionlist      = 000001DDB11655E0
[LOG] SystemI::createSoundInternal             :     exinfo->inclusionlistnum   = 1
[LOG] SystemI::createSoundInternal             :     exinfo->suggestedsoundtype = 5
[LOG] SystemI::createSoundInternal             :     exinfo->initialseekpostype = 1
[LOG] SystemI::createSoundInternal             :     Stream 0/1: name='LOOP DARK CONSTANTE', format=5, channels=2, frequency=48000, lengthbytes=2345088, lengthpcm=9216000, pcmblocksize=0, loopstart=0, loopend=0, mode=0x00000000, channelmask=0x00000000, channelorder=0, peakvolume=0.711243.
[LOG] AsyncThread::threadFunc                  : Finished Asynchronous operation on sound 000001DDAB82A8F8
[LOG] AsyncThread::threadFunc                  : Starting Asynchronous operation on sound 000001DDAB82A598
[LOG] SystemI::createSoundInternal             :     Create name='FMOD Assets/Build/Desktop/Master.bank', mode=0x02010082
[LOG] SystemI::createSoundInternal             :     exinfo->cbsize             = 224
[LOG] SystemI::createSoundInternal             :     exinfo->length             = 9608800
[LOG] SystemI::createSoundInternal             :     exinfo->fileoffset         = 39872
[LOG] SystemI::createSoundInternal             :     exinfo->numsubsounds       = 1
[LOG] SystemI::createSoundInternal             :     exinfo->inclusionlist      = 000001DDB1164FA0
[LOG] SystemI::createSoundInternal             :     exinfo->inclusionlistnum   = 1
[LOG] SystemI::createSoundInternal             :     exinfo->suggestedsoundtype = 5
[LOG] SystemI::createSoundInternal             :     exinfo->initialseekpostype = 1
[LOG] SystemI::createSoundInternal             :     Stream 0/1: name='LOOP DARK 40 A 80%', format=5, channels=2, frequency=48000, lengthbytes=1529152, lengthpcm=6144000, pcmblocksize=0, loopstart=0, loopend=0, mode=0x00000000, channelmask=0x00000000, channelorder=0, peakvolume=0.609558.
[LOG] AsyncThread::threadFunc                  : Finished Asynchronous operation on sound 000001DDAB82A598
[LOG] AsyncThread::threadFunc                  : Starting Asynchronous operation on sound 000001DDAF88D748
[LOG] AsyncThread::threadFunc                  : Finished Asynchronous operation on sound 000001DDAF88D748
[LOG] SoundI::release                          : INTRO (000001DDA7714AA8)
[LOG] SoundI::release                          :     INTRO (000001DDB096CFD8)
[LOG] SoundI::release                          :     INTRO (000001DDAF88D3E8)
[LOG] AsyncThread::threadFunc                  : Starting Asynchronous operation on sound 000001DE63B42068
[LOG] AsyncThread::threadFunc                  : Finished Asynchronous operation on sound 000001DE63B42068
[LOG] AsyncThread::threadFunc                  : Starting Asynchronous operation on sound 000001DDAF88D748
[LOG] AsyncThread::threadFunc                  : Finished Asynchronous operation on sound 000001DDAF88D748
[LOG] AsyncThread::threadFunc                  : Starting Asynchronous operation on sound 000001DE63B43B68
[LOG] AsyncThread::threadFunc                  : Finished Asynchronous operation on sound 000001DE63B43B68
[LOG] AsyncThread::threadFunc                  : Starting Asynchronous operation on sound 000001DDAF88D748
[LOG] AsyncThread::threadFunc                  : Finished Asynchronous operation on sound 000001DDAF88D748
[LOG] AsyncThread::threadFunc                  : Starting Asynchronous operation on sound 000001DE63B42068
[LOG] AsyncThread::threadFunc                  : Finished Asynchronous operation on sound 000001DE63B42068
[LOG] AsyncThread::threadFunc                  : Starting Asynchronous operation on sound 000001DDAF88D748
[LOG] AsyncThread::threadFunc                  : Finished Asynchronous operation on sound 000001DDAF88D748
[LOG] AsyncThread::threadFunc                  : Starting Asynchronous operation on sound 000001DE63B43B68
[LOG] AsyncThread::threadFunc                  : Finished Asynchronous operation on sound 000001DE63B43B68
[LOG] AsyncThread::threadFunc                  : Starting Asynchronous operation on sound 000001DDAF88D748
[LOG] AsyncThread::threadFunc                  : Finished Asynchronous operation on sound 000001DDAF88D748
[LOG] SoundI::release                          : LOOP DARK 40 A 80% (000001DDAB82A598)
[LOG] SoundI::release                          :     LOOP DARK 40 A 80% (000001DDB096ED18)
[LOG] SoundI::release                          :     LOOP DARK 40 A 80% (000001DDAF88D748)
[LOG] SoundI::release                          : LOOP DARK CONSTANTE (000001DDAB82A8F8)
[LOG] SoundI::release                          :     LOOP DARK CONSTANTE (000001DDB096DE78)
[LOG] SoundI::release                          :     LOOP DARK CONSTANTE (000001DDAF88D598)
[LOG] SoundI::release                          : LOOP DARK 60 A 100% (000001DDAB82A238)
[LOG] SoundI::release                          :     LOOP DARK 60 A 100% (000001DDB0969BD8)
[LOG] SoundI::release                          :     LOOP DARK 60 A 100% (000001DE63B43B68)
[LOG] SoundI::release                          : LOOP (000001DDA7714E08)
[LOG] SoundI::release                          :     LOOP (000001DDB096F538)
[LOG] SoundI::release                          :     LOOP (000001DE63B42068)
[LOG] Thread::callback                         : FMOD Studio bank load thread finished.
[LOG] Thread::callback                         : FMOD Studio sample load thread finished.
[LOG] LiveUpdate::release                      : 
[LOG] LiveUpdate::reset                        : Reset connection (reason Disconnected)
[LOG] Thread::callback                         : FMOD stream thread finished.
[LOG] Thread::callback                         : FMOD mixer thread finished.
[LOG] SystemI::close                           : Closed.
[LOG] Thread::callback                         : FMOD nonblocking thread (0) finished.
[LOG] Thread::callback                         : FMOD file thread finished.
